{"logLevel":"debug","message":"multithreading is set to false"}
{"logLevel":"debug","message":"Using reflection to scan dependencies for gauge implementations..."}
log4j:WARN No appenders could be found for logger (io.grpc.netty.shaded.io.netty.util.internal.PlatformDependent).
log4j:WARN Please initialize the log4j system properly.
log4j:WARN See http://logging.apache.org/log4j/1.2/faq.html#noconfig for more info.
{"logLevel":"debug","message":"gauge-java took 501milliseconds to load and scan. This should be less than 'runner_connection_timeout' config value."}
{"logLevel":"debug","message":"run 'gauge config runner_connection_timeout' and verify that it is < 501"}
{"logLevel":"debug","message":"starting gRPC server..."}
{"logLevel":"debug","message":"started gRPC server on port 59067"}
{"logLevel":"info","message":"Listening on port:59067"}
{"logLevel":"debug","message":"Scanning packages for steps"}
{"logLevel":"debug","message":"Comparing 'BasePage.swipeUp' and 'BasePage.swipeUp'"}
{"logLevel":"debug","message":"Found Sayfayı aşağı doğru kaydır in current project scope."}
{"logLevel":"debug","message":"Comparing 'BasePage.waitForsecond' and 'BasePage.waitForsecond'"}
{"logLevel":"debug","message":"Found {} saniye kadar bekle in current project scope."}
{"logLevel":"debug","message":"Comparing 'BasePage.findByelementEndclick' and 'BasePage.findByelementEndclick'"}
{"logLevel":"debug","message":"Found {} elemetin sayfada gorunur olduğunu kontrol et ve tıkla in current project scope."}
{"logLevel":"debug","message":"Scanning packages for hooks"}
{"logLevel":"debug","message":"Scanned steps (using static parsing + reflections): "}
{"logLevel":"debug","message":"\tSayfayı aşağı doğru kaydır : public void swipeUp()"}
{"logLevel":"debug","message":"\t{} elemetin sayfada gorunur olduğunu kontrol et ve tıkla : public void findByelementEndclick(String id)"}
{"logLevel":"debug","message":"\t{} saniye kadar bekle : public void waitForsecond(int s) throws InterruptedException"}
!!!!!!!! Android Testti localde başlıyor !!!!!!! 
Apr 02, 2022 3:05:03 PM io.appium.java_client.remote.AppiumCommandExecutor$1 lambda$0
INFO: Detected dialect: W3C
{"logLevel":"debug","message":"Executing '{} saniye kadar bekle' using 'class BasePage.waitForsecond"}
{"logLevel":"debug","message":"Executing '{} elemetin sayfada gorunur olduğunu kontrol et ve tıkla' using 'class BasePage.findByelementEndclick"}
{"logLevel":"debug","message":"Executing '{} saniye kadar bekle' using 'class BasePage.waitForsecond"}
{"logLevel":"debug","message":"Executing 'Sayfayı aşağı doğru kaydır' using 'class BasePage.swipeUp"}
Telefon Ekran Boyutu (1440, 2872)
Başlangıç noktası io.appium.java_client.touch.offset.PointOption@195559b4
Bitiş noktası io.appium.java_client.touch.offset.PointOption@570d653c
{"logLevel":"debug","message":"Executing '{} saniye kadar bekle' using 'class BasePage.waitForsecond"}
